<?xml version="1.0" encoding="UTF-8"?>
<testng-results ignored="0" total="1" passed="1" failed="0" skipped="0">
  <reporter-output>
  </reporter-output>
  <suite started-at="2023-07-02T02:02:17 EET" name="Default suite" finished-at="2023-07-02T02:02:23 EET" duration-ms="5622">
    <groups>
    </groups>
    <test started-at="2023-07-02T02:02:17 EET" name="Default test" finished-at="2023-07-02T02:02:23 EET" duration-ms="5622">
      <class name="Tests.TestCreateAccount">
        <test-method is-config="true" signature="beforeTest()[pri:0, instance:Tests.TestCreateAccount@2cd76f31]" started-at="2023-07-02T02:02:17 EET" name="beforeTest" finished-at="2023-07-02T02:02:21 EET" duration-ms="3442" status="PASS">
          <reporter-output>
          </reporter-output>
        </test-method> <!-- beforeTest -->
        <test-method signature="testCreateAccount()[pri:0, instance:Tests.TestCreateAccount@2cd76f31]" started-at="2023-07-02T02:02:21 EET" name="testCreateAccount" finished-at="2023-07-02T02:02:23 EET" duration-ms="1938" status="PASS">
          <reporter-output>
          </reporter-output>
        </test-method> <!-- testCreateAccount -->
        <test-method is-config="true" signature="TeardownTest()[pri:0, instance:Tests.TestCreateAccount@2cd76f31]" started-at="2023-07-02T02:02:23 EET" name="TeardownTest" finished-at="2023-07-02T02:02:23 EET" duration-ms="196" status="PASS">
          <reporter-output>
          </reporter-output>
        </test-method> <!-- TeardownTest -->
      </class> <!-- Tests.TestCreateAccount -->
    </test> <!-- Default test -->
  </suite> <!-- Default suite -->
</testng-results>
